<?xml version="1.0" encoding="UTF-8"?>
<robot generator="Robot 3.1.1 (Python 3.7.2 on win32)" generated="20190302 18:12:11.131" rpa="false">
<suite id="s1" name="Demo" source="C:\Users\Tapas\Demo1\demo.robot">
<test id="s1-t1" name="login">
<status status="FAIL" starttime="20190302 18:12:11.178" endtime="20190302 18:12:11.178" critical="yes">Test case contains no keywords.</status>
</test>
<test id="s1-t2" name="open browser">
<kw name="https://www.facebook.com/">
<arguments>
<arg>Google Chrome</arg>
</arguments>
<msg timestamp="20190302 18:12:11.178" level="FAIL">No keyword with name 'https://www.facebook.com/' found.</msg>
<status status="FAIL" starttime="20190302 18:12:11.178" endtime="20190302 18:12:11.178"></status>
</kw>
<status status="FAIL" starttime="20190302 18:12:11.178" endtime="20190302 18:12:11.178" critical="yes">No keyword with name 'https://www.facebook.com/' found.</status>
</test>
<status status="FAIL" starttime="20190302 18:12:11.131" endtime="20190302 18:12:11.193"></status>
</suite>
<statistics>
<total>
<stat pass="0" fail="2">Critical Tests</stat>
<stat pass="0" fail="2">All Tests</stat>
</total>
<tag>
</tag>
<suite>
<stat pass="0" fail="2" id="s1" name="Demo">Demo</stat>
</suite>
</statistics>
<errors>
</errors>
</robot>
